terrresult2014-04-26_00-51-22: 
failed    "ccsc -E examples\error\Step1_defnum.txt  -o bat\k.tmp" 
failed    "ccsc -E examples\error\Step1_doubledef.txt  -o bat\k.tmp" 
failed    "ccsc -E examples\error\Step1_endif.txt  -o bat\k.tmp" 
failed    "ccsc -E examples\error\Step1_loneifdef.txt  -o bat\k.tmp" 
failed    "ccsc -E examples\error\Step1_noendif.txt  -o bat\k.tmp" 
failed    "ccsc -E examples\error\Step1_noexistinclude.txt  -o bat\k.tmp" 
failed    "ccsc -E examples\error\Step1_undef.txt  -o bat\k.tmp" 
failed    "ccsc -C44 examples\error\Step4_undeletedinblock.txt  -o bat\k.tmp" 
failed    "ccsc -C44 examples\error\Step4_undeletedinwhile.txt  -o bat\k.tmp" 
failed    "ccsc -C78 examples\error\Step7_invalid_command.txt  -o bat\k.tmp" 
failed    "ccsc -C78 examples\error\Step7_invalid_comment.txt  -o bat\k.tmp" 
failed    "ccsc -C78 examples\error\Step7_invalid_inc.txt  -o bat\k.tmp" 
failed    "ccsc -C78 examples\error\Step7_invalid_loop.txt  -o bat\k.tmp" 
failed    "ccsc -C78 examples\error\Step7_null_mov.txt  -o bat\k.tmp" 
failed    "ccsc -C78 examples\error\Step7_rand.txt  -o bat\k.tmp" 
 
terrresult2014-04-26_00-29-57: 
failed    "ccsc -E examples\error\Step1_defnum.txt  -o bat\k.tmp" 
failed    "ccsc -E examples\error\Step1_doubledef.txt  -o bat\k.tmp" 
failed    "ccsc -E examples\error\Step1_endif.txt  -o bat\k.tmp" 
failed    "ccsc -E examples\error\Step1_loneifdef.txt  -o bat\k.tmp" 
failed    "ccsc -E examples\error\Step1_noendif.txt  -o bat\k.tmp" 
failed    "ccsc -E examples\error\Step1_noexistinclude.txt  -o bat\k.tmp" 
failed    "ccsc -E examples\error\Step1_undef.txt  -o bat\k.tmp" 
failed    "ccsc -C44 examples\error\Step4_undeletedinblock.txt  -o bat\k.tmp" 
failed    "ccsc -C44 examples\error\Step4_undeletedinwhile.txt  -o bat\k.tmp" 
failed    "ccsc -C78 examples\error\Step7_invalid_command.txt  -o bat\k.tmp" 
failed    "ccsc -C78 examples\error\Step7_invalid_comment.txt  -o bat\k.tmp" 
failed    "ccsc -C78 examples\error\Step7_invalid_inc.txt  -o bat\k.tmp" 
failed    "ccsc -C78 examples\error\Step7_invalid_loop.txt  -o bat\k.tmp" 
failed    "ccsc -C78 examples\error\Step7_null_mov.txt  -o bat\k.tmp" 
failed    "ccsc -C78 examples\error\Step7_rand.txt  -o bat\k.tmp" 
 
terrresult2014-04-25_17-09-10: 
failed    "ccsc -E examples\error\Step1_defnum.txt  -o bat\k.tmp" 
failed    "ccsc -E examples\error\Step1_doubledef.txt  -o bat\k.tmp" 
failed    "ccsc -E examples\error\Step1_endif.txt  -o bat\k.tmp" 
failed    "ccsc -E examples\error\Step1_loneifdef.txt  -o bat\k.tmp" 
failed    "ccsc -E examples\error\Step1_noendif.txt  -o bat\k.tmp" 
failed    "ccsc -E examples\error\Step1_noexistinclude.txt  -o bat\k.tmp" 
failed    "ccsc -E examples\error\Step1_undef.txt  -o bat\k.tmp" 
failed    "ccsc -C44 examples\error\Step4_undeletedinblock.txt  -o bat\k.tmp" 
failed    "ccsc -C44 examples\error\Step4_undeletedinwhile.txt  -o bat\k.tmp" 
failed    "ccsc -C78 examples\error\Step7_invalid_command.txt  -o bat\k.tmp" 
failed    "ccsc -C78 examples\error\Step7_invalid_comment.txt  -o bat\k.tmp" 
failed    "ccsc -C78 examples\error\Step7_invalid_inc.txt  -o bat\k.tmp" 
failed    "ccsc -C78 examples\error\Step7_invalid_loop.txt  -o bat\k.tmp" 
failed    "ccsc -C78 examples\error\Step7_null_mov.txt  -o bat\k.tmp" 
failed    "ccsc -C78 examples\error\Step7_rand.txt  -o bat\k.tmp" 
 
terrresult2014-04-25_16-43-06: 
failed    "ccsc -E examples\error\Step1_defnum.txt  -o bat\k.tmp" 
failed    "ccsc -E examples\error\Step1_doubledef.txt  -o bat\k.tmp" 
failed    "ccsc -E examples\error\Step1_endif.txt  -o bat\k.tmp" 
failed    "ccsc -E examples\error\Step1_loneifdef.txt  -o bat\k.tmp" 
failed    "ccsc -E examples\error\Step1_noendif.txt  -o bat\k.tmp" 
failed    "ccsc -E examples\error\Step1_noexistinclude.txt  -o bat\k.tmp" 
failed    "ccsc -E examples\error\Step1_undef.txt  -o bat\k.tmp" 
failed    "ccsc -C44 examples\error\Step4_undeletedinblock.txt  -o bat\k.tmp" 
failed    "ccsc -C44 examples\error\Step4_undeletedinwhile.txt  -o bat\k.tmp" 
failed    "ccsc -C78 examples\error\Step7_invalid_command.txt  -o bat\k.tmp" 
failed    "ccsc -C78 examples\error\Step7_invalid_comment.txt  -o bat\k.tmp" 
failed    "ccsc -C78 examples\error\Step7_invalid_inc.txt  -o bat\k.tmp" 
failed    "ccsc -C78 examples\error\Step7_invalid_loop.txt  -o bat\k.tmp" 
failed    "ccsc -C78 examples\error\Step7_null_mov.txt  -o bat\k.tmp" 
failed    "ccsc -C78 examples\error\Step7_rand.txt  -o bat\k.tmp" 
 
terrresult2014-04-25_04-20-28: 
failed    "ccsc -E examples\error\Step1_defnum.txt  -o bat\k.tmp" 
failed    "ccsc -E examples\error\Step1_doubledef.txt  -o bat\k.tmp" 
failed    "ccsc -E examples\error\Step1_endif.txt  -o bat\k.tmp" 
failed    "ccsc -E examples\error\Step1_loneifdef.txt  -o bat\k.tmp" 
failed    "ccsc -E examples\error\Step1_noendif.txt  -o bat\k.tmp" 
failed    "ccsc -E examples\error\Step1_noexistinclude.txt  -o bat\k.tmp" 
failed    "ccsc -E examples\error\Step1_undef.txt  -o bat\k.tmp" 
failed    "ccsc -C44 examples\error\Step4_undeletedinblock.txt  -o bat\k.tmp" 
failed    "ccsc -C44 examples\error\Step4_undeletedinwhile.txt  -o bat\k.tmp" 
failed    "ccsc -C78 examples\error\Step7_invalid_command.txt  -o bat\k.tmp" 
failed    "ccsc -C78 examples\error\Step7_invalid_comment.txt  -o bat\k.tmp" 
failed    "ccsc -C78 examples\error\Step7_invalid_inc.txt  -o bat\k.tmp" 
failed    "ccsc -C78 examples\error\Step7_invalid_loop.txt  -o bat\k.tmp" 
failed    "ccsc -C78 examples\error\Step7_null_mov.txt  -o bat\k.tmp" 
failed    "ccsc -C78 examples\error\Step7_rand.txt  -o bat\k.tmp" 
 
terrresult2014-04-25_03-50-00: 
failed    "ccsc -E examples\error\Step1_defnum.txt  -o bat\k.tmp" 
failed    "ccsc -E examples\error\Step1_doubledef.txt  -o bat\k.tmp" 
failed    "ccsc -E examples\error\Step1_endif.txt  -o bat\k.tmp" 
failed    "ccsc -E examples\error\Step1_loneifdef.txt  -o bat\k.tmp" 
failed    "ccsc -E examples\error\Step1_noendif.txt  -o bat\k.tmp" 
failed    "ccsc -E examples\error\Step1_noexistinclude.txt  -o bat\k.tmp" 
failed    "ccsc -E examples\error\Step1_undef.txt  -o bat\k.tmp" 
failed    "ccsc -C44 examples\error\Step4_undeletedinblock.txt  -o bat\k.tmp" 
failed    "ccsc -C44 examples\error\Step4_undeletedinwhile.txt  -o bat\k.tmp" 
failed    "ccsc -C78 examples\error\Step7_invalid_command.txt  -o bat\k.tmp" 
failed    "ccsc -C78 examples\error\Step7_invalid_comment.txt  -o bat\k.tmp" 
failed    "ccsc -C78 examples\error\Step7_invalid_inc.txt  -o bat\k.tmp" 
failed    "ccsc -C78 examples\error\Step7_invalid_loop.txt  -o bat\k.tmp" 
failed    "ccsc -C78 examples\error\Step7_null_mov.txt  -o bat\k.tmp" 
failed    "ccsc -C78 examples\error\Step7_rand.txt  -o bat\k.tmp" 
 
terrresult2014-04-24_17-38-01: 
failed    "ccsc -E examples\error\Step1_defnum.txt  -o bat\k.tmp" 
failed    "ccsc -E examples\error\Step1_doubledef.txt  -o bat\k.tmp" 
failed    "ccsc -E examples\error\Step1_endif.txt  -o bat\k.tmp" 
failed    "ccsc -E examples\error\Step1_loneifdef.txt  -o bat\k.tmp" 
failed    "ccsc -E examples\error\Step1_noendif.txt  -o bat\k.tmp" 
failed    "ccsc -E examples\error\Step1_noexistinclude.txt  -o bat\k.tmp" 
failed    "ccsc -E examples\error\Step1_undef.txt  -o bat\k.tmp" 
failed    "ccsc -C44 examples\error\Step4_undeletedinblock.txt  -o bat\k.tmp" 
failed    "ccsc -C44 examples\error\Step4_undeletedinwhile.txt  -o bat\k.tmp" 
failed    "ccsc -C78 examples\error\Step7_invalid_command.txt  -o bat\k.tmp" 
failed    "ccsc -C78 examples\error\Step7_invalid_comment.txt  -o bat\k.tmp" 
failed    "ccsc -C78 examples\error\Step7_invalid_inc.txt  -o bat\k.tmp" 
failed    "ccsc -C78 examples\error\Step7_invalid_loop.txt  -o bat\k.tmp" 
failed    "ccsc -C78 examples\error\Step7_null_mov.txt  -o bat\k.tmp" 
failed    "ccsc -C78 examples\error\Step7_rand.txt  -o bat\k.tmp" 
 
terrresult2014-04-24_17-22-12: 
failed    "ccsc -E examples\error\Step1_defnum.txt  -o bat\k.tmp" 
failed    "ccsc -E examples\error\Step1_doubledef.txt  -o bat\k.tmp" 
failed    "ccsc -E examples\error\Step1_endif.txt  -o bat\k.tmp" 
failed    "ccsc -E examples\error\Step1_loneifdef.txt  -o bat\k.tmp" 
failed    "ccsc -E examples\error\Step1_noendif.txt  -o bat\k.tmp" 
failed    "ccsc -E examples\error\Step1_noexistinclude.txt  -o bat\k.tmp" 
failed    "ccsc -E examples\error\Step1_undef.txt  -o bat\k.tmp" 
failed    "ccsc -C44 examples\error\Step4_undeletedinblock.txt  -o bat\k.tmp" 
failed    "ccsc -C44 examples\error\Step4_undeletedinwhile.txt  -o bat\k.tmp" 
failed    "ccsc -C78 examples\error\Step7_invalid_command.txt  -o bat\k.tmp" 
failed    "ccsc -C78 examples\error\Step7_invalid_comment.txt  -o bat\k.tmp" 
failed    "ccsc -C78 examples\error\Step7_invalid_inc.txt  -o bat\k.tmp" 
failed    "ccsc -C78 examples\error\Step7_invalid_loop.txt  -o bat\k.tmp" 
failed    "ccsc -C78 examples\error\Step7_null_mov.txt  -o bat\k.tmp" 
failed    "ccsc -C78 examples\error\Step7_rand.txt  -o bat\k.tmp" 
 
