パラレルワールドでのお話
ver 0.2.16  
なんかisNumberがコンパイルできない問題発生
ver 0.2.3とver 0.2.4の間で起こっている模様


ver 0.2.14  15:51 2014/04/09 (水)
行揃えはしっかりやりたい。



ver 0.2.12  17:25 2014/04/08 (火)
コメント対応が稚拙に思えてきたので別の方法を思いついた
まずコメントのみを抜き出す
残りをプリプロセスする
そしてコメントを戻す

コメントは単一の空白に置き換えられるようにしようかな

char 		char 		char 
/*a		 a;		a;/*a
b		#line 5		b
c*/a;		char b;		c*/
char b;				#line 5
				char b;
char a; /* a */
ということで適当にBase_Step1_comment

つまり
1.コメントを空白に置き換える

ver 0.2.10 23:15 2014/04/06 (日)
#lineに対応

ver 0.2.9  22:58 2014/04/06 (日)

あと、非常に面倒だと分かったのでline命令を作る



ver 0.2.7  23:07 2014/04/05 (土)
もう#lineをパクればいい気がしてきた
思ったんだけどSource Nameってファイル名のことじゃないの？